<?xml version="1.0" encoding="UTF-8"?>
<!-- Generated by org.testng.reporters.JUnitXMLReporter -->
<testsuite ignored="0" hostname="DESKTOP-2GAOE5D" failures="0" tests="3" name="Personal Loan" time="0.047" errors="0" timestamp="2022-09-26T10:16:13 IST">
  <testcase classname="com.testNg.Test.TestngTest" name="demo" time="0.008"/>
  <testcase classname="com.testNg.Test.TestngTest" name="demo2" time="0.001"/>
  <testcase classname="com.testNg.Test.TestngTest2" name="ploan" time="0.002"/>
</testsuite> <!-- Personal Loan -->
