<?xml version="1.0" encoding="UTF-8"?>
<testng-results ignored="0" total="3" passed="3" failed="0" skipped="0">
  <reporter-output>
  </reporter-output>
  <suite started-at="2022-09-26T10:16:13 IST" name="Loan Department" finished-at="2022-09-26T10:16:13 IST" duration-ms="47">
    <groups>
    </groups>
    <test started-at="2022-09-26T10:16:13 IST" name="Personal Loan" finished-at="2022-09-26T10:16:13 IST" duration-ms="47">
      <class name="com.testNg.Test.TestngTest">
        <test-method signature="demo()[pri:0, instance:com.testNg.Test.TestngTest@4d910fd6]" started-at="2022-09-26T10:16:13 IST" name="demo" finished-at="2022-09-26T10:16:13 IST" duration-ms="8" status="PASS">
          <reporter-output>
          </reporter-output>
        </test-method> <!-- demo -->
        <test-method signature="demo2()[pri:0, instance:com.testNg.Test.TestngTest@4d910fd6]" started-at="2022-09-26T10:16:13 IST" name="demo2" finished-at="2022-09-26T10:16:13 IST" duration-ms="1" status="PASS">
          <reporter-output>
          </reporter-output>
        </test-method> <!-- demo2 -->
      </class> <!-- com.testNg.Test.TestngTest -->
      <class name="com.testNg.Test.TestngTest2">
        <test-method signature="ploan()[pri:0, instance:com.testNg.Test.TestngTest2@53976f5c]" started-at="2022-09-26T10:16:13 IST" name="ploan" finished-at="2022-09-26T10:16:13 IST" duration-ms="2" status="PASS">
          <reporter-output>
          </reporter-output>
        </test-method> <!-- ploan -->
      </class> <!-- com.testNg.Test.TestngTest2 -->
    </test> <!-- Personal Loan -->
  </suite> <!-- Loan Department -->
</testng-results>
